Vivado Simulator 2016.4
Copyright 1986-1999, 2001-2016 Xilinx, Inc. All Rights Reserved.
Running: /opt/Xilinx/Vivado/2016.4/bin/unwrapped/lnx64.o/xelab -wto 99fae2eefeff4ce0a35983451fa6c8b9 --debug typical --relax --mt 8 -L xil_defaultlib -L unisims_ver -L unimacro_ver -L secureip --snapshot Large_Matrix_mult_uip_tb_behav xil_defaultlib.Large_Matrix_mult_uip_tb xil_defaultlib.glbl -log elaborate.log 
Using 8 slave threads.
Starting static elaboration
Completed static elaboration
Starting simulation data flow analysis
WARNING: [XSIM 43-4099] "/home/aaron/Project/P35_exercise4/src/Large_matrix_mult_user_logic.v" Line 1. Module Large_Matrix_Mult_default doesn't have a timescale but at least one module in design has a timescale.
WARNING: [XSIM 43-4099] "/home/aaron/Project/P35_exercise4/src/multiplier.v" Line 4. Module p_multiplier doesn't have a timescale but at least one module in design has a timescale.
WARNING: [XSIM 43-4099] "/home/aaron/Project/P35_exercise4/src/multiplier.v" Line 4. Module p_multiplier doesn't have a timescale but at least one module in design has a timescale.
WARNING: [XSIM 43-4099] "/home/aaron/Project/P35_exercise4/src/multiplier.v" Line 4. Module p_multiplier doesn't have a timescale but at least one module in design has a timescale.
WARNING: [XSIM 43-4099] "/home/aaron/Project/P35_exercise4/src/multiplier.v" Line 4. Module p_multiplier doesn't have a timescale but at least one module in design has a timescale.
WARNING: [XSIM 43-4099] "/home/aaron/Project/P35_exercise4/src/multiplier.v" Line 4. Module p_multiplier doesn't have a timescale but at least one module in design has a timescale.
WARNING: [XSIM 43-4099] "/home/aaron/Project/P35_exercise4/src/multiplier.v" Line 4. Module p_multiplier doesn't have a timescale but at least one module in design has a timescale.
WARNING: [XSIM 43-4099] "/home/aaron/Project/P35_exercise4/src/multiplier.v" Line 4. Module p_multiplier doesn't have a timescale but at least one module in design has a timescale.
WARNING: [XSIM 43-4099] "/home/aaron/Project/P35_exercise4/src/multiplier.v" Line 4. Module p_multiplier doesn't have a timescale but at least one module in design has a timescale.
WARNING: [XSIM 43-4099] "/home/aaron/Project/P35_exercise4/src/multiplier.v" Line 4. Module p_multiplier doesn't have a timescale but at least one module in design has a timescale.
WARNING: [XSIM 43-4099] "/home/aaron/Project/P35_exercise4/src/multiplier.v" Line 4. Module p_multiplier doesn't have a timescale but at least one module in design has a timescale.
WARNING: [XSIM 43-4099] "/home/aaron/Project/P35_exercise4/src/multiplier.v" Line 4. Module p_multiplier doesn't have a timescale but at least one module in design has a timescale.
WARNING: [XSIM 43-4099] "/home/aaron/Project/P35_exercise4/src/multiplier.v" Line 4. Module p_multiplier doesn't have a timescale but at least one module in design has a timescale.
WARNING: [XSIM 43-4099] "/home/aaron/Project/P35_exercise4/src/multiplier.v" Line 4. Module p_multiplier doesn't have a timescale but at least one module in design has a timescale.
WARNING: [XSIM 43-4099] "/home/aaron/Project/P35_exercise4/src/multiplier.v" Line 4. Module p_multiplier doesn't have a timescale but at least one module in design has a timescale.
WARNING: [XSIM 43-4099] "/home/aaron/Project/P35_exercise4/src/multiplier.v" Line 4. Module p_multiplier doesn't have a timescale but at least one module in design has a timescale.
WARNING: [XSIM 43-4099] "/home/aaron/Project/P35_exercise4/src/multiplier.v" Line 4. Module p_multiplier doesn't have a timescale but at least one module in design has a timescale.
WARNING: [XSIM 43-4099] "/home/aaron/Project/P35_exercise4/src/multiplier.v" Line 4. Module p_multiplier doesn't have a timescale but at least one module in design has a timescale.
WARNING: [XSIM 43-4099] "/home/aaron/Project/P35_exercise4/src/multiplier.v" Line 4. Module p_multiplier doesn't have a timescale but at least one module in design has a timescale.
WARNING: [XSIM 43-4099] "/home/aaron/Project/P35_exercise4/src/multiplier.v" Line 4. Module p_multiplier doesn't have a timescale but at least one module in design has a timescale.
WARNING: [XSIM 43-4099] "/home/aaron/Project/P35_exercise4/src/multiplier.v" Line 4. Module p_multiplier doesn't have a timescale but at least one module in design has a timescale.
WARNING: [XSIM 43-4099] "/home/aaron/Project/P35_exercise4/src/multiplier.v" Line 4. Module p_multiplier doesn't have a timescale but at least one module in design has a timescale.
WARNING: [XSIM 43-4099] "/home/aaron/Project/P35_exercise4/src/multiplier.v" Line 4. Module p_multiplier doesn't have a timescale but at least one module in design has a timescale.
WARNING: [XSIM 43-4099] "/home/aaron/Project/P35_exercise4/src/multiplier.v" Line 4. Module p_multiplier doesn't have a timescale but at least one module in design has a timescale.
WARNING: [XSIM 43-4099] "/home/aaron/Project/P35_exercise4/src/multiplier.v" Line 4. Module p_multiplier doesn't have a timescale but at least one module in design has a timescale.
WARNING: [XSIM 43-4099] "/home/aaron/Project/P35_exercise4/src/multiplier.v" Line 4. Module p_multiplier doesn't have a timescale but at least one module in design has a timescale.
WARNING: [XSIM 43-4099] "/home/aaron/Project/P35_exercise4/src/multiplier.v" Line 4. Module p_multiplier doesn't have a timescale but at least one module in design has a timescale.
WARNING: [XSIM 43-4099] "/home/aaron/Project/P35_exercise4/src/multiplier.v" Line 4. Module p_multiplier doesn't have a timescale but at least one module in design has a timescale.
WARNING: [XSIM 43-4099] "/home/aaron/Project/P35_exercise4/src/multiplier.v" Line 4. Module p_multiplier doesn't have a timescale but at least one module in design has a timescale.
WARNING: [XSIM 43-4099] "/home/aaron/Project/P35_exercise4/src/multiplier.v" Line 4. Module p_multiplier doesn't have a timescale but at least one module in design has a timescale.
WARNING: [XSIM 43-4099] "/home/aaron/Project/P35_exercise4/src/multiplier.v" Line 4. Module p_multiplier doesn't have a timescale but at least one module in design has a timescale.
WARNING: [XSIM 43-4099] "/home/aaron/Project/P35_exercise4/src/multiplier.v" Line 4. Module p_multiplier doesn't have a timescale but at least one module in design has a timescale.
WARNING: [XSIM 43-4099] "/home/aaron/Project/P35_exercise4/src/multiplier.v" Line 4. Module p_multiplier doesn't have a timescale but at least one module in design has a timescale.
WARNING: [XSIM 43-4099] "/home/aaron/Project/P35_exercise4/src/multiplier.v" Line 4. Module p_multiplier doesn't have a timescale but at least one module in design has a timescale.
WARNING: [XSIM 43-4099] "/home/aaron/Project/P35_exercise4/src/multiplier.v" Line 4. Module p_multiplier doesn't have a timescale but at least one module in design has a timescale.
WARNING: [XSIM 43-4099] "/home/aaron/Project/P35_exercise4/src/multiplier.v" Line 4. Module p_multiplier doesn't have a timescale but at least one module in design has a timescale.
WARNING: [XSIM 43-4099] "/home/aaron/Project/P35_exercise4/src/multiplier.v" Line 4. Module p_multiplier doesn't have a timescale but at least one module in design has a timescale.
WARNING: [XSIM 43-4099] "/home/aaron/Project/P35_exercise4/src/multiplier.v" Line 4. Module p_multiplier doesn't have a timescale but at least one module in design has a timescale.
WARNING: [XSIM 43-4099] "/home/aaron/Project/P35_exercise4/src/multiplier.v" Line 4. Module p_multiplier doesn't have a timescale but at least one module in design has a timescale.
WARNING: [XSIM 43-4099] "/home/aaron/Project/P35_exercise4/src/multiplier.v" Line 4. Module p_multiplier doesn't have a timescale but at least one module in design has a timescale.
WARNING: [XSIM 43-4099] "/home/aaron/Project/P35_exercise4/src/multiplier.v" Line 4. Module p_multiplier doesn't have a timescale but at least one module in design has a timescale.
WARNING: [XSIM 43-4099] "/home/aaron/Project/P35_exercise4/src/multiplier.v" Line 4. Module p_multiplier doesn't have a timescale but at least one module in design has a timescale.
WARNING: [XSIM 43-4099] "/home/aaron/Project/P35_exercise4/src/multiplier.v" Line 4. Module p_multiplier doesn't have a timescale but at least one module in design has a timescale.
WARNING: [XSIM 43-4099] "/home/aaron/Project/P35_exercise4/src/multiplier.v" Line 4. Module p_multiplier doesn't have a timescale but at least one module in design has a timescale.
WARNING: [XSIM 43-4099] "/home/aaron/Project/P35_exercise4/src/multiplier.v" Line 4. Module p_multiplier doesn't have a timescale but at least one module in design has a timescale.
WARNING: [XSIM 43-4099] "/home/aaron/Project/P35_exercise4/src/multiplier.v" Line 4. Module p_multiplier doesn't have a timescale but at least one module in design has a timescale.
WARNING: [XSIM 43-4099] "/home/aaron/Project/P35_exercise4/src/multiplier.v" Line 4. Module p_multiplier doesn't have a timescale but at least one module in design has a timescale.
WARNING: [XSIM 43-4099] "/home/aaron/Project/P35_exercise4/src/multiplier.v" Line 4. Module p_multiplier doesn't have a timescale but at least one module in design has a timescale.
WARNING: [XSIM 43-4099] "/home/aaron/Project/P35_exercise4/src/multiplier.v" Line 4. Module p_multiplier doesn't have a timescale but at least one module in design has a timescale.
WARNING: [XSIM 43-4099] "/home/aaron/Project/P35_exercise4/src/multiplier.v" Line 4. Module p_multiplier doesn't have a timescale but at least one module in design has a timescale.
WARNING: [XSIM 43-4099] "/home/aaron/Project/P35_exercise4/src/multiplier.v" Line 4. Module p_multiplier doesn't have a timescale but at least one module in design has a timescale.
WARNING: [XSIM 43-4099] "/home/aaron/Project/P35_exercise4/src/multiplier.v" Line 4. Module p_multiplier doesn't have a timescale but at least one module in design has a timescale.
WARNING: [XSIM 43-4099] "/home/aaron/Project/P35_exercise4/src/multiplier.v" Line 4. Module p_multiplier doesn't have a timescale but at least one module in design has a timescale.
WARNING: [XSIM 43-4099] "/home/aaron/Project/P35_exercise4/src/multiplier.v" Line 4. Module p_multiplier doesn't have a timescale but at least one module in design has a timescale.
WARNING: [XSIM 43-4099] "/home/aaron/Project/P35_exercise4/src/multiplier.v" Line 4. Module p_multiplier doesn't have a timescale but at least one module in design has a timescale.
WARNING: [XSIM 43-4099] "/home/aaron/Project/P35_exercise4/src/multiplier.v" Line 4. Module p_multiplier doesn't have a timescale but at least one module in design has a timescale.
WARNING: [XSIM 43-4099] "/home/aaron/Project/P35_exercise4/src/multiplier.v" Line 4. Module p_multiplier doesn't have a timescale but at least one module in design has a timescale.
WARNING: [XSIM 43-4099] "/home/aaron/Project/P35_exercise4/src/multiplier.v" Line 4. Module p_multiplier doesn't have a timescale but at least one module in design has a timescale.
WARNING: [XSIM 43-4099] "/home/aaron/Project/P35_exercise4/src/multiplier.v" Line 4. Module p_multiplier doesn't have a timescale but at least one module in design has a timescale.
WARNING: [XSIM 43-4099] "/home/aaron/Project/P35_exercise4/src/multiplier.v" Line 4. Module p_multiplier doesn't have a timescale but at least one module in design has a timescale.
WARNING: [XSIM 43-4099] "/home/aaron/Project/P35_exercise4/src/multiplier.v" Line 4. Module p_multiplier doesn't have a timescale but at least one module in design has a timescale.
WARNING: [XSIM 43-4099] "/home/aaron/Project/P35_exercise4/src/multiplier.v" Line 4. Module p_multiplier doesn't have a timescale but at least one module in design has a timescale.
WARNING: [XSIM 43-4099] "/home/aaron/Project/P35_exercise4/src/multiplier.v" Line 4. Module p_multiplier doesn't have a timescale but at least one module in design has a timescale.
WARNING: [XSIM 43-4099] "/home/aaron/Project/P35_exercise4/src/multiplier.v" Line 4. Module p_multiplier doesn't have a timescale but at least one module in design has a timescale.
WARNING: [XSIM 43-4099] "/home/aaron/Project/P35_exercise4/src/multiplier.v" Line 4. Module p_multiplier doesn't have a timescale but at least one module in design has a timescale.
WARNING: [XSIM 43-4099] "/home/aaron/Project/P35_exercise4/src/Large_matrix_mult_user_logic.v" Line 1. Module Large_Matrix_Mult_default doesn't have a timescale but at least one module in design has a timescale.
WARNING: [XSIM 43-4099] "/home/aaron/Project/P35_exercise4/src/multiplier.v" Line 4. Module p_multiplier doesn't have a timescale but at least one module in design has a timescale.
WARNING: [XSIM 43-4099] "/home/aaron/Project/P35_exercise4/src/multiplier.v" Line 4. Module p_multiplier doesn't have a timescale but at least one module in design has a timescale.
WARNING: [XSIM 43-4099] "/home/aaron/Project/P35_exercise4/src/multiplier.v" Line 4. Module p_multiplier doesn't have a timescale but at least one module in design has a timescale.
WARNING: [XSIM 43-4099] "/home/aaron/Project/P35_exercise4/src/multiplier.v" Line 4. Module p_multiplier doesn't have a timescale but at least one module in design has a timescale.
WARNING: [XSIM 43-4099] "/home/aaron/Project/P35_exercise4/src/multiplier.v" Line 4. Module p_multiplier doesn't have a timescale but at least one module in design has a timescale.
WARNING: [XSIM 43-4099] "/home/aaron/Project/P35_exercise4/src/multiplier.v" Line 4. Module p_multiplier doesn't have a timescale but at least one module in design has a timescale.
WARNING: [XSIM 43-4099] "/home/aaron/Project/P35_exercise4/src/multiplier.v" Line 4. Module p_multiplier doesn't have a timescale but at least one module in design has a timescale.
WARNING: [XSIM 43-4099] "/home/aaron/Project/P35_exercise4/src/multiplier.v" Line 4. Module p_multiplier doesn't have a timescale but at least one module in design has a timescale.
WARNING: [XSIM 43-4099] "/home/aaron/Project/P35_exercise4/src/multiplier.v" Line 4. Module p_multiplier doesn't have a timescale but at least one module in design has a timescale.
WARNING: [XSIM 43-4099] "/home/aaron/Project/P35_exercise4/src/multiplier.v" Line 4. Module p_multiplier doesn't have a timescale but at least one module in design has a timescale.
WARNING: [XSIM 43-4099] "/home/aaron/Project/P35_exercise4/src/multiplier.v" Line 4. Module p_multiplier doesn't have a timescale but at least one module in design has a timescale.
WARNING: [XSIM 43-4099] "/home/aaron/Project/P35_exercise4/src/multiplier.v" Line 4. Module p_multiplier doesn't have a timescale but at least one module in design has a timescale.
WARNING: [XSIM 43-4099] "/home/aaron/Project/P35_exercise4/src/multiplier.v" Line 4. Module p_multiplier doesn't have a timescale but at least one module in design has a timescale.
WARNING: [XSIM 43-4099] "/home/aaron/Project/P35_exercise4/src/multiplier.v" Line 4. Module p_multiplier doesn't have a timescale but at least one module in design has a timescale.
WARNING: [XSIM 43-4099] "/home/aaron/Project/P35_exercise4/src/multiplier.v" Line 4. Module p_multiplier doesn't have a timescale but at least one module in design has a timescale.
WARNING: [XSIM 43-4099] "/home/aaron/Project/P35_exercise4/src/multiplier.v" Line 4. Module p_multiplier doesn't have a timescale but at least one module in design has a timescale.
WARNING: [XSIM 43-4099] "/home/aaron/Project/P35_exercise4/src/multiplier.v" Line 4. Module p_multiplier doesn't have a timescale but at least one module in design has a timescale.
WARNING: [XSIM 43-4099] "/home/aaron/Project/P35_exercise4/src/multiplier.v" Line 4. Module p_multiplier doesn't have a timescale but at least one module in design has a timescale.
WARNING: [XSIM 43-4099] "/home/aaron/Project/P35_exercise4/src/multiplier.v" Line 4. Module p_multiplier doesn't have a timescale but at least one module in design has a timescale.
WARNING: [XSIM 43-4099] "/home/aaron/Project/P35_exercise4/src/multiplier.v" Line 4. Module p_multiplier doesn't have a timescale but at least one module in design has a timescale.
WARNING: [XSIM 43-4099] "/home/aaron/Project/P35_exercise4/src/multiplier.v" Line 4. Module p_multiplier doesn't have a timescale but at least one module in design has a timescale.
WARNING: [XSIM 43-4099] "/home/aaron/Project/P35_exercise4/src/multiplier.v" Line 4. Module p_multiplier doesn't have a timescale but at least one module in design has a timescale.
WARNING: [XSIM 43-4099] "/home/aaron/Project/P35_exercise4/src/multiplier.v" Line 4. Module p_multiplier doesn't have a timescale but at least one module in design has a timescale.
WARNING: [XSIM 43-4099] "/home/aaron/Project/P35_exercise4/src/multiplier.v" Line 4. Module p_multiplier doesn't have a timescale but at least one module in design has a timescale.
WARNING: [XSIM 43-4099] "/home/aaron/Project/P35_exercise4/src/multiplier.v" Line 4. Module p_multiplier doesn't have a timescale but at least one module in design has a timescale.
WARNING: [XSIM 43-4099] "/home/aaron/Project/P35_exercise4/src/multiplier.v" Line 4. Module p_multiplier doesn't have a timescale but at least one module in design has a timescale.
WARNING: [XSIM 43-4099] "/home/aaron/Project/P35_exercise4/src/multiplier.v" Line 4. Module p_multiplier doesn't have a timescale but at least one module in design has a timescale.
WARNING: [XSIM 43-4099] "/home/aaron/Project/P35_exercise4/src/multiplier.v" Line 4. Module p_multiplier doesn't have a timescale but at least one module in design has a timescale.
WARNING: [XSIM 43-4099] "/home/aaron/Project/P35_exercise4/src/multiplier.v" Line 4. Module p_multiplier doesn't have a timescale but at least one module in design has a timescale.
WARNING: [XSIM 43-4099] "/home/aaron/Project/P35_exercise4/src/multiplier.v" Line 4. Module p_multiplier doesn't have a timescale but at least one module in design has a timescale.
WARNING: [XSIM 43-4099] "/home/aaron/Project/P35_exercise4/src/multiplier.v" Line 4. Module p_multiplier doesn't have a timescale but at least one module in design has a timescale.
WARNING: [XSIM 43-4099] "/home/aaron/Project/P35_exercise4/src/multiplier.v" Line 4. Module p_multiplier doesn't have a timescale but at least one module in design has a timescale.
WARNING: [XSIM 43-4099] "/home/aaron/Project/P35_exercise4/src/multiplier.v" Line 4. Module p_multiplier doesn't have a timescale but at least one module in design has a timescale.
WARNING: [XSIM 43-4099] "/home/aaron/Project/P35_exercise4/src/multiplier.v" Line 4. Module p_multiplier doesn't have a timescale but at least one module in design has a timescale.
INFO: [Common 17-14] Message 'XSIM 43-4099' appears 100 times and further instances of the messages will be disabled. Use the Tcl command set_msg_config to change the current settings.
Completed simulation data flow analysis
Time Resolution for simulation is 1ps
Compiling module xil_defaultlib.p_multiplier
Compiling module xil_defaultlib.Large_Matrix_Mult_default
Compiling module xil_defaultlib.Large_Matrix_mult_uip_tb
Compiling module xil_defaultlib.glbl
Built simulation snapshot Large_Matrix_mult_uip_tb_behav
